<?xml version="1.0" encoding="UTF-8"?>
<!-- Generated by org.testng.reporters.JUnitXMLReporter -->
<testsuite ignored="1" hostname="DESKTOP-3689HFM" failures="0" tests="1" name="Default test" time="25.169" errors="0" timestamp="2023-10-18T15:43:13 IST">
  <testcase classname="testCases.testHandelWindowsPage" name="handelTwitterPage" time="16.162"/>
  <testcase classname="testCases.testHandelWindowsPage" name="handelWindow" time="0.0">
    <ignored/>
  </testcase> <!-- handelWindow -->
</testsuite> <!-- Default test -->
