<?xml version="1.0" encoding="UTF-8"?>
<!-- Generated by org.testng.reporters.JUnitXMLReporter -->
<testsuite ignored="0" hostname="DESKTOP-3689HFM" failures="0" tests="10" name="Test" time="116.45" errors="0" timestamp="2023-10-28T12:45:59 IST">
  <testcase classname="testCases.testHandelWindowsPage" name="handelTwitterPage" time="18.714"/>
  <testcase classname="testCases.testSliderDemoPage" name="testSlider" time="4.742"/>
  <testcase classname="testCases.testDropDownSearchDemoPage" name="SelectCountry" time="4.133"/>
  <testcase classname="testCases.testDropDownSearchDemoPage" name="SelectFile" time="3.288"/>
  <testcase classname="testCases.testDropDownSearchDemoPage" name="SelectState" time="2.819"/>
  <testcase classname="testCases.testCheckboxPage" name="DisableCheckBoxDemo" time="4.514"/>
  <testcase classname="testCases.testCheckboxPage" name="MutlipleCheckBox" time="3.93"/>
  <testcase classname="testCases.testCheckboxPage" name="SingleCheckBoxDemo" time="1.237"/>
  <testcase classname="testCases.testDragAndDrop" name="dragAndDropDemo1" time="3.358"/>
  <testcase classname="testCases.testDragAndDrop" name="dragAndDropDemo2" time="3.647"/>
</testsuite> <!-- Test -->
