<?xml version="1.0" encoding="UTF-8"?>
<!-- Generated by org.testng.reporters.JUnitXMLReporter -->
<testsuite ignored="0" hostname="DESKTOP-3689HFM" failures="0" tests="10" name="Test" time="68.093" errors="0" timestamp="2023-10-19T12:22:44 IST">
  <testcase classname="testCases.testHandelWindowsPage" name="handelTwitterPage" time="25.598"/>
  <testcase classname="testCases.testSliderDemoPage" name="testSlider" time="4.564"/>
  <testcase classname="testCases.testDropDownSearchDemoPage" name="SelectCountry" time="1.498"/>
  <testcase classname="testCases.testDropDownSearchDemoPage" name="SelectFile" time="1.166"/>
  <testcase classname="testCases.testDropDownSearchDemoPage" name="SelectState" time="1.459"/>
  <testcase classname="testCases.testCheckboxPage" name="DisableCheckBoxDemo" time="1.398"/>
  <testcase classname="testCases.testCheckboxPage" name="MutlipleCheckBox" time="1.524"/>
  <testcase classname="testCases.testCheckboxPage" name="SingleCheckBoxDemo" time="1.027"/>
  <testcase classname="testCases.testDragAndDrop" name="dragAndDropDemo1" time="1.876"/>
  <testcase classname="testCases.testDragAndDrop" name="dragAndDropDemo2" time="1.121"/>
</testsuite> <!-- Test -->
