<?xml version="1.0" encoding="UTF-8"?>
<!-- Generated by org.testng.reporters.JUnitXMLReporter -->
<testsuite ignored="0" hostname="madmax" failures="2" tests="12" name="Test" time="142.824" errors="0" timestamp="2024-02-07T13:45:14 IST">
  <testcase classname="testCases.testDragAndDrop" name="dragAndDropDemo1" time="3.794"/>
  <testcase classname="testCases.testDragAndDrop" name="dragAndDropDemo2" time="3.856"/>
  <testcase classname="testCases.testHandelWindowsPage" name="handelTwitterPage" time="35.506">
    <failure type="java.lang.NullPointerException">
      <![CDATA[java.lang.NullPointerException
at utilities.elementsUtils.typeTextIntoElement(elementsUtils.java:44)
at pages.twitterPage.settextUsername(twitterPage.java:42)
at testCases.testHandelWindowsPage.handelTwitterPage(testHandelWindowsPage.java:46)
at java.base/java.util.ArrayList.forEach(ArrayList.java:1541)
... Removed 31 stack frames]]>
    </failure>
  </testcase> <!-- handelTwitterPage -->
  <testcase classname="testCases.testDatePickerPage" name="printCurrentdate" time="32.775">
    <failure type="java.lang.NullPointerException">
      <![CDATA[java.lang.NullPointerException
at utilities.elementsUtils.getTextFromElement(elementsUtils.java:38)
at pages.datePickerPage.printCurrentMonthYear(datePickerPage.java:58)
at testCases.testDatePickerPage.printCurrentdate(testDatePickerPage.java:25)
at java.base/java.util.ArrayList.forEach(ArrayList.java:1541)
... Removed 31 stack frames]]>
    </failure>
  </testcase> <!-- printCurrentdate -->
  <testcase classname="testCases.testDynamicDataLoading" name="DataIsLoaded" time="6.485"/>
  <testcase classname="testCases.testSliderDemoPage" name="testSlider" time="3.165"/>
  <testcase classname="testCases.testDropDownSearchDemoPage" name="SelectCountry" time="2.938"/>
  <testcase classname="testCases.testDropDownSearchDemoPage" name="SelectFile" time="2.961"/>
  <testcase classname="testCases.testDropDownSearchDemoPage" name="SelectState" time="2.792"/>
  <testcase classname="testCases.testCheckboxPage" name="DisableCheckBoxDemo" time="1.548"/>
  <testcase classname="testCases.testCheckboxPage" name="MutlipleCheckBox" time="0.897"/>
  <testcase classname="testCases.testCheckboxPage" name="SingleCheckBoxDemo" time="0.626"/>
</testsuite> <!-- Test -->
