<?xml version="1.0" encoding="UTF-8"?>
<testng-results ignored="0" total="1" passed="1" failed="0" skipped="0">
  <reporter-output>
  </reporter-output>
  <suite started-at="2023-10-28T21:07:54 IST" name="Default suite" finished-at="2023-10-28T21:08:08 IST" duration-ms="13831">
    <groups>
    </groups>
    <test started-at="2023-10-28T21:07:54 IST" name="Default test" finished-at="2023-10-28T21:08:08 IST" duration-ms="13831">
      <class name="testCases.testDynamicDataLoading">
        <test-method is-config="true" signature="setUp(java.lang.reflect.Method)[pri:0, instance:testCases.testDynamicDataLoading@47a64f7d]" started-at="2023-10-28T21:07:54 IST" name="setUp" finished-at="2023-10-28T21:08:03 IST" duration-ms="8877" status="PASS">
          <params>
            <param index="0">
              <value>
                <![CDATA[public void testCases.testDynamicDataLoading.DataIsLoaded()]]>
              </value>
            </param>
          </params>
          <reporter-output>
          </reporter-output>
        </test-method> <!-- setUp -->
        <test-method signature="DataIsLoaded()[pri:0, instance:testCases.testDynamicDataLoading@47a64f7d]" started-at="2023-10-28T21:08:03 IST" name="DataIsLoaded" finished-at="2023-10-28T21:08:07 IST" duration-ms="4058" status="PASS">
          <reporter-output>
          </reporter-output>
        </test-method> <!-- DataIsLoaded -->
        <test-method is-config="true" signature="testStatus(org.testng.ITestResult)[pri:0, instance:testCases.testDynamicDataLoading@47a64f7d]" started-at="2023-10-28T21:08:07 IST" name="testStatus" finished-at="2023-10-28T21:08:08 IST" duration-ms="718" status="PASS">
          <params>
            <param index="0">
              <value>
                <![CDATA[[TestResult name=DataIsLoaded status=SUCCESS method=testDynamicDataLoading.DataIsLoaded()[pri:0, instance:testCases.testDynamicDataLoading@47a64f7d] output={null}]]]>
              </value>
            </param>
          </params>
          <reporter-output>
          </reporter-output>
        </test-method> <!-- testStatus -->
      </class> <!-- testCases.testDynamicDataLoading -->
    </test> <!-- Default test -->
  </suite> <!-- Default suite -->
</testng-results>
