<?xml version="1.0" encoding="UTF-8"?>
<testng-results ignored="0" total="8" passed="8" failed="0" skipped="0">
  <reporter-output>
  </reporter-output>
  <suite started-at="2023-10-18T15:48:40 IST" name="Suite" finished-at="2023-10-18T15:49:41 IST" duration-ms="61615">
    <groups>
    </groups>
    <test started-at="2023-10-18T15:48:40 IST" name="Test" finished-at="2023-10-18T15:49:41 IST" duration-ms="61615">
      <class name="testCases.testCheckboxPage">
        <test-method is-config="true" signature="setUp(java.lang.reflect.Method)[pri:0, instance:testCases.testCheckboxPage@65aa6596]" started-at="2023-10-18T15:49:26 IST" name="setUp" finished-at="2023-10-18T15:49:28 IST" duration-ms="2100" status="PASS">
          <params>
            <param index="0">
              <value>
                <![CDATA[public void testCases.testCheckboxPage.DisableCheckBoxDemo()]]>
              </value>
            </param>
          </params>
          <reporter-output>
          </reporter-output>
        </test-method> <!-- setUp -->
        <test-method signature="DisableCheckBoxDemo()[pri:0, instance:testCases.testCheckboxPage@65aa6596]" started-at="2023-10-18T15:49:28 IST" name="DisableCheckBoxDemo" finished-at="2023-10-18T15:49:32 IST" duration-ms="3766" status="PASS">
          <reporter-output>
          </reporter-output>
        </test-method> <!-- DisableCheckBoxDemo -->
        <test-method is-config="true" signature="testStatus(org.testng.ITestResult)[pri:0, instance:testCases.testCheckboxPage@65aa6596]" started-at="2023-10-18T15:49:32 IST" name="testStatus" finished-at="2023-10-18T15:49:32 IST" duration-ms="335" status="PASS">
          <params>
            <param index="0">
              <value>
                <![CDATA[[TestResult name=DisableCheckBoxDemo status=SUCCESS method=testCheckboxPage.DisableCheckBoxDemo()[pri:0, instance:testCases.testCheckboxPage@65aa6596] output={null}]]]>
              </value>
            </param>
          </params>
          <reporter-output>
          </reporter-output>
        </test-method> <!-- testStatus -->
        <test-method is-config="true" signature="setUp(java.lang.reflect.Method)[pri:0, instance:testCases.testCheckboxPage@65aa6596]" started-at="2023-10-18T15:49:32 IST" name="setUp" finished-at="2023-10-18T15:49:33 IST" duration-ms="1524" status="PASS">
          <params>
            <param index="0">
              <value>
                <![CDATA[public void testCases.testCheckboxPage.MutlipleCheckBox()]]>
              </value>
            </param>
          </params>
          <reporter-output>
          </reporter-output>
        </test-method> <!-- setUp -->
        <test-method signature="MutlipleCheckBox()[pri:0, instance:testCases.testCheckboxPage@65aa6596]" started-at="2023-10-18T15:49:33 IST" name="MutlipleCheckBox" finished-at="2023-10-18T15:49:35 IST" duration-ms="1821" status="PASS">
          <reporter-output>
          </reporter-output>
        </test-method> <!-- MutlipleCheckBox -->
        <test-method is-config="true" signature="testStatus(org.testng.ITestResult)[pri:0, instance:testCases.testCheckboxPage@65aa6596]" started-at="2023-10-18T15:49:35 IST" name="testStatus" finished-at="2023-10-18T15:49:36 IST" duration-ms="424" status="PASS">
          <params>
            <param index="0">
              <value>
                <![CDATA[[TestResult name=MutlipleCheckBox status=SUCCESS method=testCheckboxPage.MutlipleCheckBox()[pri:0, instance:testCases.testCheckboxPage@65aa6596] output={null}]]]>
              </value>
            </param>
          </params>
          <reporter-output>
          </reporter-output>
        </test-method> <!-- testStatus -->
        <test-method is-config="true" signature="setUp(java.lang.reflect.Method)[pri:0, instance:testCases.testCheckboxPage@65aa6596]" started-at="2023-10-18T15:49:36 IST" name="setUp" finished-at="2023-10-18T15:49:38 IST" duration-ms="2151" status="PASS">
          <params>
            <param index="0">
              <value>
                <![CDATA[public void testCases.testCheckboxPage.SingleCheckBoxDemo()]]>
              </value>
            </param>
          </params>
          <reporter-output>
          </reporter-output>
        </test-method> <!-- setUp -->
        <test-method signature="SingleCheckBoxDemo()[pri:0, instance:testCases.testCheckboxPage@65aa6596]" started-at="2023-10-18T15:49:38 IST" name="SingleCheckBoxDemo" finished-at="2023-10-18T15:49:41 IST" duration-ms="3217" status="PASS">
          <reporter-output>
          </reporter-output>
        </test-method> <!-- SingleCheckBoxDemo -->
        <test-method is-config="true" signature="testStatus(org.testng.ITestResult)[pri:0, instance:testCases.testCheckboxPage@65aa6596]" started-at="2023-10-18T15:49:41 IST" name="testStatus" finished-at="2023-10-18T15:49:41 IST" duration-ms="323" status="PASS">
          <params>
            <param index="0">
              <value>
                <![CDATA[[TestResult name=SingleCheckBoxDemo status=SUCCESS method=testCheckboxPage.SingleCheckBoxDemo()[pri:0, instance:testCases.testCheckboxPage@65aa6596] output={null}]]]>
              </value>
            </param>
          </params>
          <reporter-output>
          </reporter-output>
        </test-method> <!-- testStatus -->
      </class> <!-- testCases.testCheckboxPage -->
      <class name="testCases.testHandelWindowsPage">
        <test-method is-config="true" signature="setUp(java.lang.reflect.Method)[pri:0, instance:testCases.testHandelWindowsPage@7e3f95fe]" started-at="2023-10-18T15:48:40 IST" name="setUp" finished-at="2023-10-18T15:48:47 IST" duration-ms="7363" status="PASS">
          <params>
            <param index="0">
              <value>
                <![CDATA[public void testCases.testHandelWindowsPage.handelTwitterPage() throws java.lang.InterruptedException]]>
              </value>
            </param>
          </params>
          <reporter-output>
          </reporter-output>
        </test-method> <!-- setUp -->
        <test-method signature="handelTwitterPage()[pri:0, instance:testCases.testHandelWindowsPage@7e3f95fe]" started-at="2023-10-18T15:48:47 IST" name="handelTwitterPage" finished-at="2023-10-18T15:49:04 IST" duration-ms="16403" status="PASS">
          <reporter-output>
          </reporter-output>
        </test-method> <!-- handelTwitterPage -->
        <test-method is-config="true" signature="testStatus(org.testng.ITestResult)[pri:0, instance:testCases.testHandelWindowsPage@7e3f95fe]" started-at="2023-10-18T15:49:04 IST" name="testStatus" finished-at="2023-10-18T15:49:05 IST" duration-ms="1207" status="PASS">
          <params>
            <param index="0">
              <value>
                <![CDATA[[TestResult name=handelTwitterPage status=SUCCESS method=testHandelWindowsPage.handelTwitterPage()[pri:0, instance:testCases.testHandelWindowsPage@7e3f95fe] output={null}]]]>
              </value>
            </param>
          </params>
          <reporter-output>
          </reporter-output>
        </test-method> <!-- testStatus -->
      </class> <!-- testCases.testHandelWindowsPage -->
      <class name="testCases.testDropDownSearchDemoPage">
        <test-method is-config="true" signature="setUp(java.lang.reflect.Method)[pri:0, instance:testCases.testDropDownSearchDemoPage@2c7d121c]" started-at="2023-10-18T15:49:12 IST" name="setUp" finished-at="2023-10-18T15:49:13 IST" duration-ms="1368" status="PASS">
          <params>
            <param index="0">
              <value>
                <![CDATA[public void testCases.testDropDownSearchDemoPage.SelectCountry()]]>
              </value>
            </param>
          </params>
          <reporter-output>
          </reporter-output>
        </test-method> <!-- setUp -->
        <test-method signature="SelectCountry()[pri:0, instance:testCases.testDropDownSearchDemoPage@2c7d121c]" started-at="2023-10-18T15:49:13 IST" name="SelectCountry" finished-at="2023-10-18T15:49:18 IST" duration-ms="4594" status="PASS">
          <reporter-output>
          </reporter-output>
        </test-method> <!-- SelectCountry -->
        <test-method is-config="true" signature="testStatus(org.testng.ITestResult)[pri:0, instance:testCases.testDropDownSearchDemoPage@2c7d121c]" started-at="2023-10-18T15:49:18 IST" name="testStatus" finished-at="2023-10-18T15:49:18 IST" duration-ms="298" status="PASS">
          <params>
            <param index="0">
              <value>
                <![CDATA[[TestResult name=SelectCountry status=SUCCESS method=testDropDownSearchDemoPage.SelectCountry()[pri:0, instance:testCases.testDropDownSearchDemoPage@2c7d121c] output={null}]]]>
              </value>
            </param>
          </params>
          <reporter-output>
          </reporter-output>
        </test-method> <!-- testStatus -->
        <test-method is-config="true" signature="setUp(java.lang.reflect.Method)[pri:0, instance:testCases.testDropDownSearchDemoPage@2c7d121c]" started-at="2023-10-18T15:49:18 IST" name="setUp" finished-at="2023-10-18T15:49:20 IST" duration-ms="2282" status="PASS">
          <params>
            <param index="0">
              <value>
                <![CDATA[public void testCases.testDropDownSearchDemoPage.SelectFile()]]>
              </value>
            </param>
          </params>
          <reporter-output>
          </reporter-output>
        </test-method> <!-- setUp -->
        <test-method signature="SelectFile()[pri:0, instance:testCases.testDropDownSearchDemoPage@2c7d121c]" started-at="2023-10-18T15:49:20 IST" name="SelectFile" finished-at="2023-10-18T15:49:22 IST" duration-ms="1050" status="PASS">
          <reporter-output>
          </reporter-output>
        </test-method> <!-- SelectFile -->
        <test-method is-config="true" signature="testStatus(org.testng.ITestResult)[pri:0, instance:testCases.testDropDownSearchDemoPage@2c7d121c]" started-at="2023-10-18T15:49:22 IST" name="testStatus" finished-at="2023-10-18T15:49:22 IST" duration-ms="363" status="PASS">
          <params>
            <param index="0">
              <value>
                <![CDATA[[TestResult name=SelectFile status=SUCCESS method=testDropDownSearchDemoPage.SelectFile()[pri:0, instance:testCases.testDropDownSearchDemoPage@2c7d121c] output={null}]]]>
              </value>
            </param>
          </params>
          <reporter-output>
          </reporter-output>
        </test-method> <!-- testStatus -->
        <test-method is-config="true" signature="setUp(java.lang.reflect.Method)[pri:0, instance:testCases.testDropDownSearchDemoPage@2c7d121c]" started-at="2023-10-18T15:49:22 IST" name="setUp" finished-at="2023-10-18T15:49:24 IST" duration-ms="2087" status="PASS">
          <params>
            <param index="0">
              <value>
                <![CDATA[public void testCases.testDropDownSearchDemoPage.SelectState()]]>
              </value>
            </param>
          </params>
          <reporter-output>
          </reporter-output>
        </test-method> <!-- setUp -->
        <test-method signature="SelectState()[pri:0, instance:testCases.testDropDownSearchDemoPage@2c7d121c]" started-at="2023-10-18T15:49:24 IST" name="SelectState" finished-at="2023-10-18T15:49:25 IST" duration-ms="1262" status="PASS">
          <reporter-output>
          </reporter-output>
        </test-method> <!-- SelectState -->
        <test-method is-config="true" signature="testStatus(org.testng.ITestResult)[pri:0, instance:testCases.testDropDownSearchDemoPage@2c7d121c]" started-at="2023-10-18T15:49:25 IST" name="testStatus" finished-at="2023-10-18T15:49:26 IST" duration-ms="461" status="PASS">
          <params>
            <param index="0">
              <value>
                <![CDATA[[TestResult name=SelectState status=SUCCESS method=testDropDownSearchDemoPage.SelectState()[pri:0, instance:testCases.testDropDownSearchDemoPage@2c7d121c] output={null}]]]>
              </value>
            </param>
          </params>
          <reporter-output>
          </reporter-output>
        </test-method> <!-- testStatus -->
      </class> <!-- testCases.testDropDownSearchDemoPage -->
      <class name="testCases.testSliderDemoPage">
        <test-method is-config="true" signature="setUp(java.lang.reflect.Method)[pri:0, instance:testCases.testSliderDemoPage@34625ccd]" started-at="2023-10-18T15:49:05 IST" name="setUp" finished-at="2023-10-18T15:49:07 IST" duration-ms="2608" status="PASS">
          <params>
            <param index="0">
              <value>
                <![CDATA[public void testCases.testSliderDemoPage.testSlider()]]>
              </value>
            </param>
          </params>
          <reporter-output>
          </reporter-output>
        </test-method> <!-- setUp -->
        <test-method signature="testSlider()[pri:0, instance:testCases.testSliderDemoPage@34625ccd]" started-at="2023-10-18T15:49:07 IST" name="testSlider" finished-at="2023-10-18T15:49:12 IST" duration-ms="4078" status="PASS">
          <reporter-output>
          </reporter-output>
        </test-method> <!-- testSlider -->
        <test-method is-config="true" signature="testStatus(org.testng.ITestResult)[pri:0, instance:testCases.testSliderDemoPage@34625ccd]" started-at="2023-10-18T15:49:12 IST" name="testStatus" finished-at="2023-10-18T15:49:12 IST" duration-ms="434" status="PASS">
          <params>
            <param index="0">
              <value>
                <![CDATA[[TestResult name=testSlider status=SUCCESS method=testSliderDemoPage.testSlider()[pri:0, instance:testCases.testSliderDemoPage@34625ccd] output={null}]]]>
              </value>
            </param>
          </params>
          <reporter-output>
          </reporter-output>
        </test-method> <!-- testStatus -->
      </class> <!-- testCases.testSliderDemoPage -->
    </test> <!-- Test -->
  </suite> <!-- Suite -->
</testng-results>
